<?xml version="1.0" encoding="UTF-8"?>
<!-- Generated by org.testng.reporters.JUnitReportReporter -->
<testsuite hostname="LAPTOP-6PSUPPPU" failures="0" tests="1" name="apiAutomation.BpiApiTest" time="1.669" errors="0" timestamp="2024-12-27T19:06:25 IST" skipped="0">
  <testcase classname="apiAutomation.BpiApiTest" name="testBpi" time="1.669"/>
  <system-out/>
</testsuite> <!-- apiAutomation.BpiApiTest -->
